Determining if the pthread_create exist failed with the following output:
Change Dir: /home/pi/moos-ivp/mymoos/build/CMakeFiles/CMakeTmp

Run Build Command:"/usr/bin/make" "cmTC_35da3/fast"
/usr/bin/make -f CMakeFiles/cmTC_35da3.dir/build.make CMakeFiles/cmTC_35da3.dir/build
make[1]: Entering directory '/home/pi/moos-ivp/mymoos/build/CMakeFiles/CMakeTmp'
Building C object CMakeFiles/cmTC_35da3.dir/CheckSymbolExists.c.o
/usr/bin/cc     -o CMakeFiles/cmTC_35da3.dir/CheckSymbolExists.c.o   -c /home/pi/moos-ivp/mymoos/build/CMakeFiles/CMakeTmp/CheckSymbolExists.c
Linking C executable cmTC_35da3
/usr/bin/cmake -E cmake_link_script CMakeFiles/cmTC_35da3.dir/link.txt --verbose=1
/usr/bin/cc       CMakeFiles/cmTC_35da3.dir/CheckSymbolExists.c.o  -o cmTC_35da3 -rdynamic 
CMakeFiles/cmTC_35da3.dir/CheckSymbolExists.c.o: In function `main':
CheckSymbolExists.c:(.text+0x38): undefined reference to `pthread_create'
collect2: error: ld returned 1 exit status
CMakeFiles/cmTC_35da3.dir/build.make:97: recipe for target 'cmTC_35da3' failed
make[1]: *** [cmTC_35da3] Error 1
make[1]: Leaving directory '/home/pi/moos-ivp/mymoos/build/CMakeFiles/CMakeTmp'
Makefile:126: recipe for target 'cmTC_35da3/fast' failed
make: *** [cmTC_35da3/fast] Error 2

File /home/pi/moos-ivp/mymoos/build/CMakeFiles/CMakeTmp/CheckSymbolExists.c:
/* */
#include <pthread.h>

int main(int argc, char** argv)
{
  (void)argv;
#ifndef pthread_create
  return ((int*)(&pthread_create))[argc];
#else
  (void)argc;
  return 0;
#endif
}

Determining if the function pthread_create exists in the pthreads failed with the following output:
Change Dir: /home/pi/moos-ivp/mymoos/build/CMakeFiles/CMakeTmp

Run Build Command:"/usr/bin/make" "cmTC_cc911/fast"
/usr/bin/make -f CMakeFiles/cmTC_cc911.dir/build.make CMakeFiles/cmTC_cc911.dir/build
make[1]: Entering directory '/home/pi/moos-ivp/mymoos/build/CMakeFiles/CMakeTmp'
Building C object CMakeFiles/cmTC_cc911.dir/CheckFunctionExists.c.o
/usr/bin/cc    -DCHECK_FUNCTION_EXISTS=pthread_create   -o CMakeFiles/cmTC_cc911.dir/CheckFunctionExists.c.o   -c /usr/share/cmake-3.7/Modules/CheckFunctionExists.c
Linking C executable cmTC_cc911
/usr/bin/cmake -E cmake_link_script CMakeFiles/cmTC_cc911.dir/link.txt --verbose=1
/usr/bin/cc   -DCHECK_FUNCTION_EXISTS=pthread_create    CMakeFiles/cmTC_cc911.dir/CheckFunctionExists.c.o  -o cmTC_cc911 -rdynamic -lpthreads 
/usr/bin/ld: cannot find -lpthreads
collect2: error: ld returned 1 exit status
CMakeFiles/cmTC_cc911.dir/build.make:97: recipe for target 'cmTC_cc911' failed
make[1]: *** [cmTC_cc911] Error 1
make[1]: Leaving directory '/home/pi/moos-ivp/mymoos/build/CMakeFiles/CMakeTmp'
Makefile:126: recipe for target 'cmTC_cc911/fast' failed
make: *** [cmTC_cc911/fast] Error 2


